       CYCLE                    TASK                       JOBID               STATE         EXIT STATUS     TRIES      DURATION
================================================================================================================================
197001010000    compile_s2swa_32bit_intel                      289677           SUCCEEDED                   0         1         481.0
197001010000    cpld_control_p8_mixedmode_intel                      289692           SUCCEEDED                   0         1         454.0
197001010000    cpld_control_gefs_intel                      289787                DEAD                  15         3        1815.0
197001010000    compile_s2swa_32bit_pdlib_intel                      289681           SUCCEEDED                   0         1         659.0
197001010000    cpld_control_gfsv17_intel                      289696           SUCCEEDED                   0         1         914.0
197001010000    cpld_control_gfsv17_iau_intel                      289708           SUCCEEDED                   0         1         790.0
197001010000    compile_s2swa_32bit_pdlib_sfs_intel                      289675           SUCCEEDED                   0         1         653.0
197001010000    cpld_control_sfs_intel                      289695           SUCCEEDED                   0         1         766.0
197001010000    compile_s2swa_32bit_pdlib_debug_intel                      289679           SUCCEEDED                   0         1         169.0
197001010000    cpld_debug_gfsv17_intel                      289690                DEAD                   1         3         220.0
197001010000     compile_s2swa_intel                      289676           SUCCEEDED                   0         1         483.0
197001010000    cpld_control_p8_intel                      289691           SUCCEEDED                   0         1        1233.0
197001010000    cpld_control_p8.v2.sfc_intel                      289694           SUCCEEDED                   0         1         939.0
197001010000    cpld_control_ciceC_p8_intel                      289697           SUCCEEDED                   0         1         466.0
197001010000    cpld_control_c192_p8_intel                      289698           SUCCEEDED                   0         1        1337.0
197001010000    compile_s2swal_intel                      289678           SUCCEEDED                   0         1         471.0
197001010000    cpld_control_p8_lnd_intel                      289699           SUCCEEDED                   0         1         507.0
197001010000      cpld_s2sa_p8_intel                      289700           SUCCEEDED                   0         1         361.0
197001010000      compile_s2sw_intel                      289680           SUCCEEDED                   0         1         454.0
197001010000    cpld_control_noaero_p8_intel                      289701           SUCCEEDED                   0         1         429.0
197001010000    cpld_control_nowave_noaero_p8_intel                      289702           SUCCEEDED                   0         1         323.0
197001010000    compile_s2swa_debug_intel                      289682           SUCCEEDED                   0         1         166.0
197001010000     cpld_debug_p8_intel                      289687           SUCCEEDED                   0         1         820.0
197001010000    compile_s2sw_debug_intel                      289683           SUCCEEDED                   0         1         151.0
197001010000    cpld_debug_noaero_p8_intel                      289686           SUCCEEDED                   0         1         579.0
197001010000    compile_s2s_aoflux_intel                      289684           SUCCEEDED                   0         1         365.0
197001010000    cpld_control_noaero_p8_agrid_intel                      289689           SUCCEEDED                   0         1         590.0
197001010000       compile_s2s_intel                      289703           SUCCEEDED                   0         1         376.0
197001010000    cpld_control_c48_intel                      289711           SUCCEEDED                   0         1         284.0
197001010000    cpld_warmstart_c48_intel                      289712           SUCCEEDED                   0         1         108.0
197001010000    compile_s2swa_faster_intel                      289704           SUCCEEDED                   0         1         496.0
197001010000    cpld_control_p8_faster_intel                      289715           SUCCEEDED                   0         1         458.0
197001010000    compile_s2sw_pdlib_intel                      289706           SUCCEEDED                   0         1         676.0
197001010000    cpld_control_pdlib_p8_intel                      289721           SUCCEEDED                   0         1         696.0
197001010000    compile_s2sw_pdlib_debug_intel                      289705           SUCCEEDED                   0         1         155.0
197001010000    cpld_debug_pdlib_p8_intel                      289719                DEAD                   1         3         167.0
197001010000    compile_atm_dyn32_intel                      289707           SUCCEEDED                   0         1         359.0
197001010000     control_flake_intel                      289716           SUCCEEDED                   0         1         158.0
197001010000    control_CubedSphereGrid_intel                      289717           SUCCEEDED                   0         1         131.0
197001010000    control_CubedSphereGrid_parallel_intel                      289718           SUCCEEDED                   0         1         146.0
197001010000    control_latlon_intel                      289720           SUCCEEDED                   0         1         140.0
197001010000    control_wrtGauss_netcdf_parallel_intel                      289723           SUCCEEDED                   0         1         126.0
197001010000       control_c48_intel                      289722           SUCCEEDED                   0         1         301.0
197001010000    control_c48.v2.sfc_intel                      289725           SUCCEEDED                   0         1         259.0
197001010000    control_c48_lnd_iau_intel                      289726           SUCCEEDED                   0         1         305.0
197001010000      control_c192_intel                      289724           SUCCEEDED                   0         1         354.0
197001010000      control_c384_intel                      289727           SUCCEEDED                   0         1         473.0
197001010000    control_c384gdas_intel                      289728           SUCCEEDED                   0         1         534.0
197001010000    control_stochy_intel                      289731           SUCCEEDED                   0         1          71.0
197001010000      control_lndp_intel                      289730           SUCCEEDED                   0         1          69.0
197001010000     control_iovr4_intel                      289732           SUCCEEDED                   0         1         113.0
197001010000     control_iovr5_intel                      289734           SUCCEEDED                   0         1         116.0
197001010000        control_p8_intel                      289733           SUCCEEDED                   0         1         152.0
197001010000    control_p8.v2.sfc_intel                      289736           SUCCEEDED                   0         1         170.0
197001010000    control_p8_ugwpv1_intel                      289735           SUCCEEDED                   0         1         158.0
197001010000    control_p8_lndp_intel                      289738           SUCCEEDED                   0         1         234.0
197001010000    control_p8_rrtmgp_intel                      289737           SUCCEEDED                   0         1         195.0
197001010000    control_p8_mynn_intel                      289739           SUCCEEDED                   0         1         160.0
197001010000    merra2_thompson_intel                      289740           SUCCEEDED                   0         1         168.0
197001010000    regional_control_intel                      289742           SUCCEEDED                   0         1         235.0
197001010000    regional_noquilt_intel                      289741           SUCCEEDED                   0         1         234.0
197001010000    regional_netcdf_parallel_intel                      289743           SUCCEEDED                   0         1         239.0
197001010000     regional_wofs_intel                      289744           SUCCEEDED                   0         1         307.0
197001010000      compile_rrfs_intel                      289709           SUCCEEDED                   0         1         344.0
197001010000       rap_control_intel                      289746           SUCCEEDED                   0         1         321.0
197001010000    regional_spp_sppt_shum_skeb_intel                      289745           SUCCEEDED                   0         1         232.0
197001010000       rap_sfcdiff_intel                      289747           SUCCEEDED                   0         1         314.0
197001010000      hrrr_control_intel                      289749           SUCCEEDED                   0         1         171.0
197001010000       rrfs_v1beta_intel                      289748           SUCCEEDED                   0         1         315.0
197001010000       rrfs_v1nssl_intel                      289751           SUCCEEDED                   0         1         411.0
197001010000    rrfs_v1nssl_nohailnoccn_intel                      289750           SUCCEEDED                   0         1         402.0
197001010000    compile_csawmg_intel                      289714           SUCCEEDED                   0         1         331.0
197001010000    control_csawmg_intel                      289752           SUCCEEDED                   0         1         291.0
197001010000       control_ras_intel                      289754           SUCCEEDED                   0         1         142.0
197001010000       compile_wam_intel                      289753           SUCCEEDED                   0         1         329.0
197001010000       control_wam_intel                      289765           SUCCEEDED                   0         1         506.0
197001010000    compile_atm_faster_dyn32_intel                      289755           SUCCEEDED                   0         1         339.0
197001010000    control_p8_faster_intel                      289766           SUCCEEDED                   0         1         154.0
197001010000    regional_control_faster_intel                      289767           SUCCEEDED                   0         1         221.0
197001010000    compile_atm_debug_dyn32_intel                      289757           SUCCEEDED                   0         1         182.0
197001010000    control_CubedSphereGrid_debug_intel                      289764           SUCCEEDED                   0         1         123.0
197001010000    control_wrtGauss_netcdf_parallel_debug_intel                      289763           SUCCEEDED                   0         1         128.0
197001010000    control_stochy_debug_intel                      289762           SUCCEEDED                   0         1         130.0
197001010000    control_lndp_debug_intel                      289769           SUCCEEDED                   0         1         116.0
197001010000    control_csawmg_debug_intel                      289768           SUCCEEDED                   0         1         210.0
197001010000    control_ras_debug_intel                      289770           SUCCEEDED                   0         1         125.0
197001010000    control_diag_debug_intel                      289771           SUCCEEDED                   0         1         156.0
197001010000    control_debug_p8_intel                      289773           SUCCEEDED                   0         1         143.0
197001010000    regional_debug_intel                      289772           SUCCEEDED                   0         1         742.0
197001010000    rap_control_debug_intel                      289774           SUCCEEDED                   0         1         216.0
197001010000    hrrr_control_debug_intel                      289776           SUCCEEDED                   0         1         211.0
197001010000     hrrr_gf_debug_intel                      289775           SUCCEEDED                   0         1         215.0
197001010000     hrrr_c3_debug_intel                      289777           SUCCEEDED                   0         1         219.0
197001010000    rap_diag_debug_intel                      289778           SUCCEEDED                   0         1         262.0
197001010000    rap_cires_ugwp_debug_intel                      289779           SUCCEEDED                   0         1         218.0
197001010000    rap_lndp_debug_intel                      289780           SUCCEEDED                   0         1         217.0
197001010000    rap_progcld_thompson_debug_intel                      289781           SUCCEEDED                   0         1         223.0
197001010000    rap_noah_debug_intel                      289784           SUCCEEDED                   0         1         212.0
197001010000    rap_sfcdiff_debug_intel                      289782           SUCCEEDED                   0         1         219.0
197001010000    rap_noah_sfcdiff_cires_ugwp_debug_intel                      289783           SUCCEEDED                   0         1         345.0
197001010000    rrfs_v1beta_debug_intel                      289785           SUCCEEDED                   0         1         216.0
197001010000    rap_clm_lake_debug_intel                      289788           SUCCEEDED                   0         1         215.0
197001010000    rap_flake_debug_intel                      289786           SUCCEEDED                   0         1         213.0
197001010000    gnv1_c96_no_nest_debug_intel                      289790           SUCCEEDED                   0         1         364.0
197001010000    compile_wam_debug_intel                      289756           SUCCEEDED                   0         1         101.0
197001010000    control_wam_debug_intel                      289760           SUCCEEDED                   0         1         578.0
197001010000    compile_rrfs_dyn32_phy32_intel                      289759           SUCCEEDED                   0         1         333.0
197001010000    regional_spp_sppt_shum_skeb_dyn32_phy32_intel                      289789           SUCCEEDED                   0         1         218.0
197001010000    rap_control_dyn32_phy32_intel                      289791           SUCCEEDED                   0         1         272.0
197001010000    hrrr_control_dyn32_phy32_intel                      289792           SUCCEEDED                   0         1         150.0
197001010000    compile_rrfs_dyn32_phy32_faster_intel                      289758           SUCCEEDED                   0         1         338.0
197001010000    conus13km_control_intel                      289793           SUCCEEDED                   0         1         138.0
197001010000    conus13km_restart_mismatch_intel                      289801           SUCCEEDED                   0         1         101.0
197001010000    compile_rrfs_dyn64_phy32_intel                      289761           SUCCEEDED                   0         1         332.0
197001010000    rap_control_dyn64_phy32_intel                      289796           SUCCEEDED                   0         1         191.0
197001010000    compile_rrfs_dyn32_phy32_debug_intel                      289794           SUCCEEDED                   0         1         120.0
197001010000    rap_control_debug_dyn32_phy32_intel                      289802           SUCCEEDED                   0         1         207.0
197001010000    hrrr_control_debug_dyn32_phy32_intel                      289800           SUCCEEDED                   0         1         203.0
197001010000    conus13km_debug_intel                      289804           SUCCEEDED                   0         1         608.0
197001010000    conus13km_radar_tten_debug_intel                      289803           SUCCEEDED                   0         1         604.0
197001010000    compile_rrfs_dyn64_phy32_debug_intel                      289795           SUCCEEDED                   0         1         118.0
197001010000    rap_control_dyn64_phy32_debug_intel                      289805           SUCCEEDED                   0         1         216.0
197001010000     compile_hafsw_intel                      289798           SUCCEEDED                   0         1         463.0
197001010000    hafs_regional_atm_intel                      289812           SUCCEEDED                   0         1         236.0
197001010000    hafs_regional_atm_thompson_gfdlsf_intel                      289813           SUCCEEDED                   0         1         170.0
197001010000    hafs_regional_atm_ocn_intel                      289814           SUCCEEDED                   0         1         318.0
197001010000    hafs_regional_atm_wav_intel                      289817           SUCCEEDED                   0         1        1748.0
197001010000    hafs_regional_atm_ocn_wav_intel                      289816           SUCCEEDED                   0         1        1442.0
197001010000    hafs_regional_1nest_atm_intel                      289815           SUCCEEDED                   0         1         212.0
197001010000    hafs_regional_telescopic_2nests_atm_intel                      289818           SUCCEEDED                   0         1         270.0
197001010000    hafs_global_1nest_atm_intel                      289819           SUCCEEDED                   0         1         106.0
197001010000    hafs_global_multiple_4nests_atm_intel                      289831                DEAD                   1         3         213.0
197001010000    hafs_regional_specified_moving_1nest_atm_intel                      289821           SUCCEEDED                   0         1         152.0
197001010000    hafs_regional_storm_following_1nest_atm_intel                      289822           SUCCEEDED                   0         1         147.0
197001010000    hafs_regional_storm_following_1nest_atm_ocn_intel                      289823           SUCCEEDED                   0         1         181.0
197001010000    hafs_global_storm_following_1nest_atm_intel                      289825           SUCCEEDED                   0         1          54.0
197001010000       gnv1_nested_intel                      289826           SUCCEEDED                   0         1         243.0
197001010000    compile_hafsw_debug_intel                      289799           SUCCEEDED                   0         1         138.0
197001010000    hafs_regional_storm_following_1nest_atm_ocn_debug_intel                      289807           SUCCEEDED                   0         1         523.0
197001010000    compile_hafsw_faster_intel                      289797           SUCCEEDED                   0         1         421.0
197001010000    hafs_regional_storm_following_1nest_atm_ocn_wav_intel                      289810           SUCCEEDED                   0         1        1606.0
197001010000    hafs_regional_storm_following_1nest_atm_ocn_wav_inline_intel                      289811           SUCCEEDED                   0         1        1630.0
197001010000    compile_hafs_mom6w_intel                      289806           SUCCEEDED                   0         1         450.0
197001010000    hafs_regional_storm_following_1nest_atm_ocn_wav_mom6_intel                      289827           SUCCEEDED                   0         1        1105.0
197001010000    compile_hafs_all_intel                      289808           SUCCEEDED                   0         1         440.0
197001010000    hafs_regional_docn_intel                      289828           SUCCEEDED                   0         1         289.0
197001010000    hafs_regional_docn_oisst_intel                      289829           SUCCEEDED                   0         1         285.0
197001010000    hafs_regional_datm_cdeps_intel                      289830           SUCCEEDED                   0         1         699.0
197001010000    compile_datm_cdeps_intel                      289809           SUCCEEDED                   0         1         233.0
197001010000    datm_cdeps_control_cfsr_intel                      289832           SUCCEEDED                   0         1         110.0
197001010000    datm_cdeps_control_gefs_intel                      289833           SUCCEEDED                   0         1         108.0
197001010000    datm_cdeps_iau_gefs_intel                      289835           SUCCEEDED                   0         1         110.0
197001010000    datm_cdeps_stochy_gefs_intel                      289834           SUCCEEDED                   0         1         111.0
197001010000    datm_cdeps_ciceC_cfsr_intel                      289836           SUCCEEDED                   0         1         114.0
197001010000    datm_cdeps_bulk_cfsr_intel                      289837           SUCCEEDED                   0         1         106.0
197001010000    datm_cdeps_bulk_gefs_intel                      289838           SUCCEEDED                   0         1         107.0
197001010000    datm_cdeps_mx025_cfsr_intel                      289839           SUCCEEDED                   0         1         412.0
197001010000    datm_cdeps_mx025_gefs_intel                      289840           SUCCEEDED                   0         1         388.0
197001010000    datm_cdeps_3072x1536_cfsr_intel                      289841           SUCCEEDED                   0         1         170.0
197001010000    datm_cdeps_gfs_intel                      289842           SUCCEEDED                   0         1         172.0
197001010000    compile_datm_cdeps_debug_intel                      289844           SUCCEEDED                   0         1         121.0
197001010000    datm_cdeps_debug_cfsr_intel                      289850           SUCCEEDED                   0         1         232.0
197001010000    compile_datm_cdeps_faster_intel                      289843           SUCCEEDED                   0         1         232.0
197001010000    datm_cdeps_control_cfsr_faster_intel                      289856           SUCCEEDED                   0         1         110.0
197001010000    compile_datm_cdeps_land_intel                      289847           SUCCEEDED                   0         1          39.0
197001010000    datm_cdeps_lnd_gswp3_intel                      289849           SUCCEEDED                   0         1          56.0
197001010000    datm_cdeps_lnd_era5_intel                      289848           SUCCEEDED                   0         1          40.0
197001010000    compile_atm_ds2s_docn_pcice_intel                      289846           SUCCEEDED                   0         1         354.0
197001010000    atm_ds2s_docn_pcice_intel                      289860           SUCCEEDED                   0         1         193.0
197001010000    compile_atm_ds2s_docn_dice_intel                      289845           SUCCEEDED                   0         1         331.0
197001010000    atm_ds2s_docn_dice_intel                      289861           SUCCEEDED                   0         1         241.0
197001010000      compile_atml_intel                      289853           SUCCEEDED                   0         1         375.0
197001010000    control_p8_atmlnd_intel                      289864           SUCCEEDED                   0         1         179.0
197001010000    compile_atml_debug_intel                      289852           SUCCEEDED                   0         1         173.0
197001010000    control_p8_atmlnd_debug_intel                      289858           SUCCEEDED                   0         1         246.0
197001010000      compile_atmw_intel                      289854           SUCCEEDED                   0         1         451.0
197001010000    atmwav_control_noaero_p8_intel                      289868           SUCCEEDED                   0         1         104.0
197001010000    compile_atmaero_intel                      289851           SUCCEEDED                   0         1         348.0
197001010000    atmaero_control_p8_intel                      289863           SUCCEEDED                   0         1         220.0
197001010000    atmaero_control_p8_rad_intel                      289865           SUCCEEDED                   0         1         242.0
197001010000    atmaero_control_p8_rad_micro_intel                      289866           SUCCEEDED                   0         1         211.0
197001010000     compile_atmaq_intel                      289855           SUCCEEDED                   0         1         351.0
197001010000    regional_atmaq_intel                      289867           SUCCEEDED                   0         1         746.0
197001010000    compile_atmaq_debug_intel                      289857           SUCCEEDED                   0         1         124.0
197001010000    regional_atmaq_debug_intel                      289869           SUCCEEDED                   0         1        1717.0
197001010000    compile_atm_fbh_intel                      289859           SUCCEEDED                   0         1         338.0
197001010000    cpld_regional_atm_fbh_intel                      289872           SUCCEEDED                   0         1         361.0
197001010000    compile_s2swa_32bit_pdlib_intelllvm                      289862           SUCCEEDED                   0         1         660.0
197001010000    cpld_control_gfsv17_intelllvm                      289882           SUCCEEDED                   0         1         756.0
197001010000    compile_s2swa_32bit_pdlib_debug_intelllvm                      289870           SUCCEEDED                   0         1         161.0
197001010000    cpld_debug_gfsv17_intelllvm                      289883                DEAD                   1         3         160.0
197001010000    compile_s2swa_32bit_pdlib_sfs_intelllvm                      289871           SUCCEEDED                   0         1         707.0
197001010000    cpld_control_sfs_intelllvm                      289891           SUCCEEDED                   0         1         754.0
197001010000    compile_s2swa_intelllvm                      289874           SUCCEEDED                   0         1         477.0
197001010000    cpld_control_p8_intelllvm                      289885           SUCCEEDED                   0         1         508.0
197001010000    compile_rrfs_dyn32_phy32_intelllvm                      289873           SUCCEEDED                   0         1         305.0
197001010000    rap_control_dyn32_phy32_intelllvm                      289879           SUCCEEDED                   0         1         268.0
197001010000    compile_rrfs_dyn64_phy32_intelllvm                      289875           SUCCEEDED                   0         1         328.0
197001010000    rap_control_dyn64_phy32_intelllvm                      289881           SUCCEEDED                   0         1         184.0
197001010000    compile_hafsw_intelllvm                      289876           SUCCEEDED                   0         1         446.0
197001010000    hafs_regional_storm_following_1nest_atm_ocn_intelllvm                      289888           SUCCEEDED                   0         1         181.0
197001010000    compile_hafsw_debug_intelllvm                      289880           SUCCEEDED                   0         1         139.0
197001010000    hafs_regional_storm_following_1nest_atm_ocn_debug_intelllvm                      289884           SUCCEEDED                   0         1         527.0
197001010000    compile_datm_cdeps_intelllvm                      289886           SUCCEEDED                   0         1         232.0
197001010000    datm_cdeps_control_cfsr_intelllvm                      289896           SUCCEEDED                   0         1         109.0
197001010000    compile_datm_cdeps_debug_intelllvm                      289887           SUCCEEDED                   0         1         131.0
197001010000    datm_cdeps_debug_cfsr_intelllvm                      289893           SUCCEEDED                   0         1         229.0
197001010000         compile_atm_gnu                      289889           SUCCEEDED                   0         1         159.0
197001010000         control_c48_gnu                      289895           SUCCEEDED                   0         1         371.0
197001010000      control_stochy_gnu                      289894           SUCCEEDED                   0         1         117.0
197001010000         control_ras_gnu                      289898           SUCCEEDED                   0         1         187.0
197001010000          control_p8_gnu                      289897           SUCCEEDED                   0         1         208.0
197001010000    control_p8_ugwpv1_gnu                      289899           SUCCEEDED                   0         1         214.0
197001010000       control_flake_gnu                      289900           SUCCEEDED                   0         1         244.0
197001010000        compile_rrfs_gnu                      289890           SUCCEEDED                   0         1         164.0
197001010000         rap_control_gnu                      289901           SUCCEEDED                   0         1         394.0
197001010000         rap_sfcdiff_gnu                      289902           SUCCEEDED                   0         1         394.0
197001010000        hrrr_control_gnu                      289903           SUCCEEDED                   0         1         206.0
197001010000         rrfs_v1beta_gnu                      289906           SUCCEEDED                   0         1         395.0
197001010000      compile_csawmg_gnu                      289892           SUCCEEDED                   0         1         151.0
197001010000      control_csawmg_gnu                      289904           SUCCEEDED                   0         1         371.0
197001010000    compile_atm_dyn32_debug_gnu                      289907           SUCCEEDED                   0         1         228.0
197001010000    control_diag_debug_gnu                      289912           SUCCEEDED                   0         1         116.0
197001010000      regional_debug_gnu                      289911           SUCCEEDED                   0         1         356.0
197001010000    rap_control_debug_gnu                      289915           SUCCEEDED                   0         1         117.0
197001010000    hrrr_control_debug_gnu                      289913           SUCCEEDED                   0         1         113.0
197001010000       hrrr_gf_debug_gnu                      289914           SUCCEEDED                   0         1         112.0
197001010000       hrrr_c3_debug_gnu                      289918           SUCCEEDED                   0         1         120.0
197001010000      rap_diag_debug_gnu                      289917           SUCCEEDED                   0         1         147.0
197001010000    rap_noah_sfcdiff_cires_ugwp_debug_gnu                      289916           SUCCEEDED                   0         1         181.0
197001010000    rap_progcld_thompson_debug_gnu                      289919           SUCCEEDED                   0         1         116.0
197001010000    rrfs_v1beta_debug_gnu                      289922           SUCCEEDED                   0         1         118.0
197001010000    control_ras_debug_gnu                      289921           SUCCEEDED                   0         1          69.0
197001010000    control_stochy_debug_gnu                      289923           SUCCEEDED                   0         1          80.0
197001010000    control_debug_p8_gnu                      289920           SUCCEEDED                   0         1         100.0
197001010000     rap_flake_debug_gnu                      289925           SUCCEEDED                   0         1         121.0
197001010000    rap_clm_lake_debug_gnu                      289924           SUCCEEDED                   0         1         120.0
197001010000    gnv1_c96_no_nest_debug_gnu                      289926           SUCCEEDED                   0         1         190.0
197001010000    compile_wam_debug_gnu                      289905           SUCCEEDED                   0         1          79.0
197001010000    control_wam_debug_gnu                      289909           SUCCEEDED                   0         1         315.0
197001010000    compile_atm_debug_dyn32_gnu                      289908           SUCCEEDED                   0         1         134.0
197001010000    control_csawmg_debug_gnu                      289927           SUCCEEDED                   0         1         135.0
197001010000    compile_rrfs_dyn32_phy32_gnu                      289910           SUCCEEDED                   0         1         149.0
197001010000    rap_control_dyn32_phy32_gnu                      289928           SUCCEEDED                   0         1         370.0
197001010000    hrrr_control_dyn32_phy32_gnu                      289929           SUCCEEDED                   0         1         199.0
197001010000    conus13km_control_gnu                      289930           SUCCEEDED                   0         1         171.0
197001010000    conus13km_restart_mismatch_gnu                      289937           SUCCEEDED                   0         1         122.0
197001010000    compile_atm_dyn64_phy32_gnu                      289931           SUCCEEDED                   0         1         319.0
197001010000    rap_control_dyn64_phy32_gnu                      289946           SUCCEEDED                   0         1         229.0
197001010000    compile_atm_dyn32_phy32_debug_gnu                      289932           SUCCEEDED                   0         1         229.0
197001010000    rap_control_debug_dyn32_phy32_gnu                      289938           SUCCEEDED                   0         1         107.0
197001010000    hrrr_control_debug_dyn32_phy32_gnu                      289939           SUCCEEDED                   0         1         109.0
197001010000     conus13km_debug_gnu                      289940           SUCCEEDED                   0         1         332.0
197001010000    conus13km_radar_tten_debug_gnu                      289943           SUCCEEDED                   0         1         326.0
197001010000    compile_atm_dyn64_phy32_debug_gnu                      289935           SUCCEEDED                   0         1         227.0
197001010000    rap_control_dyn64_phy32_debug_gnu                      289942           SUCCEEDED                   0         1         119.0
197001010000       compile_s2swa_gnu                      289934           SUCCEEDED                   0         1         607.0
197001010000     cpld_control_p8_gnu                      289955           SUCCEEDED                   0         2         464.0
197001010000         compile_s2s_gnu                      289933           SUCCEEDED                   0         1         593.0
197001010000    cpld_control_nowave_noaero_p8_gnu                      289950           SUCCEEDED                   0         1         412.0
197001010000    compile_s2swa_debug_gnu                      289936           SUCCEEDED                   0         1         106.0
197001010000       cpld_debug_p8_gnu                      289952                DEAD                   1         3         195.0
197001010000    compile_s2sw_pdlib_gnu                      289945           SUCCEEDED                   0         1         612.0
197001010000    cpld_control_pdlib_p8_gnu                      289954           SUCCEEDED                   0         1         565.0
197001010000    compile_s2sw_pdlib_debug_gnu                      289944           SUCCEEDED                   0         1          96.0
197001010000    cpld_debug_pdlib_p8_gnu                      289948           SUCCEEDED                   0         1         462.0
197001010000    compile_datm_cdeps_gnu                      289947           SUCCEEDED                   0         1         574.0
197001010000    datm_cdeps_control_cfsr_gnu                      289953           SUCCEEDED                   0         1         121.0
