
baseline dir = /scratch4/NAGAPE/epic/role-epic/UFS-WM_RT/NEMSfv3gfs/develop-20260616/control_p8_intel
working dir  = /scratch4/NAGAPE/epic/Cameron.Book/RT_RUNDIRS/Cameron.Book/FV3_RT/rt_672972/control_p8_intel
Checking test control_p8_intel results ....
Moving baseline control_p8_intel files ....
 Moving sfcf000.nc .........OK
 Moving sfcf021.nc .........OK
 Moving sfcf024.nc .........OK
 Moving atmf000.nc .........OK
 Moving atmf021.nc .........OK
 Moving atmf024.nc .........OK
 Moving GFSFLX.GrbF00 .........OK
 Moving GFSFLX.GrbF21 .........OK
 Moving GFSFLX.GrbF24 .........OK
 Moving GFSPRS.GrbF00 .........OK
 Moving GFSPRS.GrbF21 .........OK
 Moving GFSPRS.GrbF24 .........OK
 Moving RESTART/20210323.060000.coupler.res .........OK
 Moving RESTART/20210323.060000.fv_core.res.nc .........OK
 Moving RESTART/20210323.060000.fv_core.res.tile1.nc .........OK
 Moving RESTART/20210323.060000.fv_core.res.tile2.nc .........OK
 Moving RESTART/20210323.060000.fv_core.res.tile3.nc .........OK
 Moving RESTART/20210323.060000.fv_core.res.tile4.nc .........OK
 Moving RESTART/20210323.060000.fv_core.res.tile5.nc .........OK
 Moving RESTART/20210323.060000.fv_core.res.tile6.nc .........OK
 Moving RESTART/20210323.060000.fv_srf_wnd.res.tile1.nc .........OK
 Moving RESTART/20210323.060000.fv_srf_wnd.res.tile2.nc .........OK
 Moving RESTART/20210323.060000.fv_srf_wnd.res.tile3.nc .........OK
 Moving RESTART/20210323.060000.fv_srf_wnd.res.tile4.nc .........OK
 Moving RESTART/20210323.060000.fv_srf_wnd.res.tile5.nc .........OK
 Moving RESTART/20210323.060000.fv_srf_wnd.res.tile6.nc .........OK
 Moving RESTART/20210323.060000.fv_tracer.res.tile1.nc .........OK
 Moving RESTART/20210323.060000.fv_tracer.res.tile2.nc .........OK
 Moving RESTART/20210323.060000.fv_tracer.res.tile3.nc .........OK
 Moving RESTART/20210323.060000.fv_tracer.res.tile4.nc .........OK
 Moving RESTART/20210323.060000.fv_tracer.res.tile5.nc .........OK
 Moving RESTART/20210323.060000.fv_tracer.res.tile6.nc .........OK
 Moving RESTART/20210323.060000.phy_data.tile1.nc .........OK
 Moving RESTART/20210323.060000.phy_data.tile2.nc .........OK
 Moving RESTART/20210323.060000.phy_data.tile3.nc .........OK
 Moving RESTART/20210323.060000.phy_data.tile4.nc .........OK
 Moving RESTART/20210323.060000.phy_data.tile5.nc .........OK
 Moving RESTART/20210323.060000.phy_data.tile6.nc .........OK
 Moving RESTART/20210323.060000.sfc_data.tile1.nc .........OK
 Moving RESTART/20210323.060000.sfc_data.tile2.nc .........OK
 Moving RESTART/20210323.060000.sfc_data.tile3.nc .........OK
 Moving RESTART/20210323.060000.sfc_data.tile4.nc .........OK
 Moving RESTART/20210323.060000.sfc_data.tile5.nc .........OK
 Moving RESTART/20210323.060000.sfc_data.tile6.nc .........OK

  0: The total amount of wall time                        = 113.982028
  0: The maximum resident set size (KB)                   = 2506768

Test control_p8_intel PASS

